<?xml version="1.0" encoding="UTF-8"?>

<beans xmlns="http://www.springframework.org/schema/beans"
	xmlns:xsi="http://www.w3.org/2001/XMLSchema-instance" xmlns:context="http://www.springframework.org/schema/context"
	xmlns:p="http://www.springframework.org/schema/p" xmlns:sec="http://www.springframework.org/schema/security"
	xmlns:tx="http://www.springframework.org/schema/tx" xmlns:util="http://www.springframework.org/schema/util"
	xsi:schemaLocation="http://www.springframework.org/schema/beans http://www.springframework.org/schema/beans/spring-beans-3.0.xsd
		http://www.springframework.org/schema/context http://www.springframework.org/schema/context/spring-context-3.0.xsd
		http://www.springframework.org/schema/security http://www.springframework.org/schema/security/spring-security-2.0.xsd
		http://www.springframework.org/schema/tx http://www.springframework.org/schema/tx/spring-tx-3.0.xsd
		http://www.springframework.org/schema/util http://www.springframework.org/schema/util/spring-util-3.0.xsd">

	<context:annotation-config />

	<context:property-placeholder
		ignore-unresolvable="true" 
		location="classpath:it.eng.areas.ems.ordinari.test/cfg-hsqldb-jpa.properties" />
	<tx:annotation-driven />


  	<bean id="bookingDAO" class="it.eng.areas.ems.ordinari.dao.impl.ToBookingDAOImpl" />
  	<bean id="tsBookingIdDAO" class="it.eng.areas.ems.ordinari.dao.impl.TsBookingIdDAOImpl" />
   
<!--    <bean 
	id="tsBookingIdDAO" 
	    class="it.eng.areas.ems.ordinari.dao.TsBookingIdDAO" /> 
    -->
   
   
   
    
<!-- 	<bean id="exampleDAO" class="it.eng.areas.persistence.proc.test.platformdao.dao.impl.ExampleDAOImpl">
	    <constructor-arg type="java.lang.Class" 
	    value="it.eng.areas.persistence.proc.test.platformdao.entity.ExampleDO"/>
	    <property name="entityManager">
	        <bean class = "org.springframework.orm.jpa.support.SharedEntityManagerBean" name="entityManager">
	            <property name = "entityManagerFactory" ref="entityManagerFactory"/>  
	        </bean>
	    </property>
	</bean> -->

	<bean id="service" 
	    class="it.eng.areas.ems.ordinari.service.impl.BookingTransactionalServiceImpl" />  	
  
	<bean id="dataSource"
		class="org.springframework.jdbc.datasource.DriverManagerDataSource">
		<property name="driverClassName" value="org.hsqldb.jdbcDriver" />
		<property name="url" value="jdbc:hsqldb:mem:testdb" />
		<property name="username" value="sa" />
		<property name="password" value="" />
	</bean>

	<bean
		class="org.springframework.orm.jpa.LocalContainerEntityManagerFactoryBean"
		id="entityManagerFactory">
		<property name="dataSource" ref="dataSource" />
		<property name="persistenceProvider" ref="hibernatePersistenceProvider" />
		<property name="jpaProperties" ref="jpaProperties" />
  		<property name="packagesToScan"
			value="it.eng.areas.ems.ordinari.entity" /> 
	</bean>
  
  	<bean id="hibernatePersistenceProvider" class="org.hibernate.jpa.HibernatePersistenceProvider" />

	<bean id="jpaProperties" class="java.util.Properties">
		<constructor-arg>
			<props>
				<prop key="hibernate.dialect">org.hibernate.dialect.HSQLDialect</prop>
				<prop key="hibernate.format_sql">true</prop>
				<prop key="hibernate.show_sql">true</prop>
				<prop key="hibernate.hbm2ddl.auto">none</prop>
			</props>
		</constructor-arg>
	</bean>


	<bean class="org.springframework.orm.jpa.JpaTransactionManager"
		id="transactionManager" primary="true">
		<property name="entityManagerFactory" ref="entityManagerFactory" />
	</bean>


</beans>